[debug] [2023-05-17T14:48:11.045Z] ----------------------------------------------------------------------
[debug] [2023-05-17T14:48:11.049Z] Command:       C:\Program Files\nodejs\node.exe C:\Users\jorda\AppData\Roaming\npm\node_modules\firebase-tools\lib\bin\firebase.js init
[debug] [2023-05-17T14:48:11.050Z] CLI Version:   10.6.0
[debug] [2023-05-17T14:48:11.050Z] Platform:      win32
[debug] [2023-05-17T14:48:11.050Z] Node Version:  v16.13.0
[debug] [2023-05-17T14:48:11.053Z] Time:          Wed May 17 2023 15:48:11 GMT+0100 (British Summer Time)
[debug] [2023-05-17T14:48:11.053Z] ----------------------------------------------------------------------
[debug] 
[debug] [2023-05-17T14:48:11.062Z] >>> [apiv2][query] GET https://firebase-public.firebaseio.com/cli.json [none]
[debug] [2023-05-17T14:48:11.121Z] > command requires scopes: ["email","openid","https://www.googleapis.com/auth/cloudplatformprojects.readonly","https://www.googleapis.com/auth/firebase","https://www.googleapis.com/auth/cloud-platform"]
[debug] [2023-05-17T14:48:11.121Z] > authorizing via signed-in user (jordandavisdeveloper@gmail.com)
[info] 
     ######## #### ########  ######## ########     ###     ######  ########
     ##        ##  ##     ## ##       ##     ##  ##   ##  ##       ##
     ######    ##  ########  ######   ########  #########  ######  ######
     ##        ##  ##    ##  ##       ##     ## ##     ##       ## ##
     ##       #### ##     ## ######## ########  ##     ##  ######  ########

You're about to initialize a Firebase project in this directory:

  C:\Users\jorda\OneDrive\Documents\Projects\MERN stack course project\react-frontend-01-starting-setup

[debug] [2023-05-17T14:48:11.476Z] <<< [apiv2][status] GET https://firebase-public.firebaseio.com/cli.json 200
[debug] [2023-05-17T14:48:11.476Z] <<< [apiv2][body] GET https://firebase-public.firebaseio.com/cli.json {"cloudBuildErrorAfter":1594252800000,"cloudBuildWarnAfter":1590019200000,"defaultNode10After":1594252800000,"minVersion":"3.0.5","node8DeploysDisabledAfter":1613390400000,"node8RuntimeDisabledAfter":1615809600000,"node8WarnAfter":1600128000000}
[info] 
=== Project Setup
[info] 
[info] First, let's associate this project directory with a Firebase project.
[info] You can create multiple project aliases by running firebase use --add, 
[info] but for now we'll just set up a default project.
[info] 
[info] i  If you want to create a project in a Google Cloud organization or folder, please use "firebase projects:create" instead, and return to this command when you've created the project. 
[debug] [2023-05-17T14:50:03.749Z] > refreshing access token with scopes: ["email","https://www.googleapis.com/auth/cloud-platform","https://www.googleapis.com/auth/cloudplatformprojects.readonly","https://www.googleapis.com/auth/firebase","openid"]
[debug] [2023-05-17T14:50:03.750Z] >>> HTTP REQUEST POST https://www.googleapis.com/oauth2/v3/token  
 <request body omitted>
[debug] [2023-05-17T14:50:03.872Z] <<< HTTP RESPONSE 400 {"pragma":"no-cache","cache-control":"no-cache, no-store, max-age=0, must-revalidate","expires":"Mon, 01 Jan 1990 00:00:00 GMT","date":"Wed, 17 May 2023 14:50:03 GMT","content-type":"application/json; charset=utf-8","vary":"X-Origin, Referer, Origin,Accept-Encoding","server":"scaffolding on HTTPServer2","x-xss-protection":"0","x-frame-options":"SAMEORIGIN","x-content-type-options":"nosniff","alt-svc":"h3=\":443\"; ma=2592000,h3-29=\":443\"; ma=2592000","accept-ranges":"none","transfer-encoding":"chunked"}
[debug] [2023-05-17T14:50:03.874Z] >>> HTTP REQUEST POST https://cloudresourcemanager.googleapis.com/v1/projects  
 {"projectId":"PlacesApp-frontend ","name":"PlacesApp-frontend "}
[debug] [2023-05-17T14:50:04.076Z] <<< HTTP RESPONSE 401 {"www-authenticate":"Bearer realm=\"https://accounts.google.com/\", error=\"invalid_token\"","vary":"X-Origin, Referer, Origin,Accept-Encoding","content-type":"application/json; charset=UTF-8","date":"Wed, 17 May 2023 14:50:03 GMT","server":"ESF","cache-control":"private","x-xss-protection":"0","x-frame-options":"SAMEORIGIN","x-content-type-options":"nosniff","server-timing":"gfet4t7; dur=109","alt-svc":"h3=\":443\"; ma=2592000,h3-29=\":443\"; ma=2592000","accept-ranges":"none","transfer-encoding":"chunked"}
[debug] [2023-05-17T14:50:04.076Z] <<< HTTP RESPONSE BODY {"error":{"code":401,"message":"Request had invalid authentication credentials. Expected OAuth 2 access token, login cookie or other valid authentication credential. See https://developers.google.com/identity/sign-in/web/devconsole-project.","status":"UNAUTHENTICATED","details":[{"@type":"type.googleapis.com/google.rpc.ErrorInfo","reason":"ACCESS_TOKEN_TYPE_UNSUPPORTED","metadata":{"method":"google.cloudresourcemanager.v1.Projects.CreateProject","service":"cloudresourcemanager.googleapis.com"}}]}}
[debug] [2023-05-17T14:50:04.084Z] FirebaseError: HTTP Error: 401, Request had invalid authentication credentials. Expected OAuth 2 access token, login cookie or other valid authentication credential. See https://developers.google.com/identity/sign-in/web/devconsole-project.
    at module.exports (C:\Users\jorda\AppData\Roaming\npm\node_modules\firebase-tools\lib\responseToError.js:47:12)
    at Request._callback (C:\Users\jorda\AppData\Roaming\npm\node_modules\firebase-tools\lib\api.js:41:35)
    at Request.self.callback (C:\Users\jorda\AppData\Roaming\npm\node_modules\firebase-tools\node_modules\request\request.js:185:22)
    at Request.emit (node:events:390:28)
    at Request.emit (node:domain:475:12)
    at Request.<anonymous> (C:\Users\jorda\AppData\Roaming\npm\node_modules\firebase-tools\node_modules\request\request.js:1154:10)
    at Request.emit (node:events:390:28)
    at Request.emit (node:domain:475:12)
    at IncomingMessage.<anonymous> (C:\Users\jorda\AppData\Roaming\npm\node_modules\firebase-tools\node_modules\request\request.js:1076:12)
    at Object.onceWrapper (node:events:509:28)
    at IncomingMessage.emit (node:events:402:35)
    at IncomingMessage.emit (node:domain:475:12)
    at endReadableNT (node:internal/streams/readable:1343:12)
    at processTicksAndRejections (node:internal/process/task_queues:83:21)
[error] 
[error] Error: Failed to create project. See firebase-debug.log for more info.
[debug] [2023-05-17T14:50:24.490Z] ----------------------------------------------------------------------
[debug] [2023-05-17T14:50:24.493Z] Command:       C:\Program Files\nodejs\node.exe C:\Users\jorda\AppData\Roaming\npm\node_modules\firebase-tools\lib\bin\firebase.js init
[debug] [2023-05-17T14:50:24.495Z] CLI Version:   10.6.0
[debug] [2023-05-17T14:50:24.495Z] Platform:      win32
[debug] [2023-05-17T14:50:24.495Z] Node Version:  v16.13.0
[debug] [2023-05-17T14:50:24.498Z] Time:          Wed May 17 2023 15:50:24 GMT+0100 (British Summer Time)
[debug] [2023-05-17T14:50:24.499Z] ----------------------------------------------------------------------
[debug] 
[debug] [2023-05-17T14:50:24.518Z] > command requires scopes: ["email","openid","https://www.googleapis.com/auth/cloudplatformprojects.readonly","https://www.googleapis.com/auth/firebase","https://www.googleapis.com/auth/cloud-platform"]
[debug] [2023-05-17T14:50:24.519Z] > authorizing via signed-in user (jordandavisdeveloper@gmail.com)
[info] 
     ######## #### ########  ######## ########     ###     ######  ########
     ##        ##  ##     ## ##       ##     ##  ##   ##  ##       ##
     ######    ##  ########  ######   ########  #########  ######  ######
     ##        ##  ##    ##  ##       ##     ## ##     ##       ## ##
     ##       #### ##     ## ######## ########  ##     ##  ######  ########

You're about to initialize a Firebase project in this directory:

  C:\Users\jorda\OneDrive\Documents\Projects\MERN stack course project\react-frontend-01-starting-setup

[info] 
=== Project Setup
[info] 
[info] First, let's associate this project directory with a Firebase project.
[info] You can create multiple project aliases by running firebase use --add, 
[info] but for now we'll just set up a default project.
[info] 
[info] i  If you want to create a project in a Google Cloud organization or folder, please use "firebase projects:create" instead, and return to this command when you've created the project. 
[debug] [2023-05-17T14:50:52.202Z] > refreshing access token with scopes: ["email","https://www.googleapis.com/auth/cloud-platform","https://www.googleapis.com/auth/cloudplatformprojects.readonly","https://www.googleapis.com/auth/firebase","openid"]
[debug] [2023-05-17T14:50:52.203Z] >>> HTTP REQUEST POST https://www.googleapis.com/oauth2/v3/token  
 <request body omitted>
[debug] [2023-05-17T14:50:52.396Z] <<< HTTP RESPONSE 400 {"pragma":"no-cache","date":"Wed, 17 May 2023 14:50:51 GMT","cache-control":"no-cache, no-store, max-age=0, must-revalidate","expires":"Mon, 01 Jan 1990 00:00:00 GMT","content-type":"application/json; charset=utf-8","vary":"X-Origin, Referer, Origin,Accept-Encoding","server":"scaffolding on HTTPServer2","x-xss-protection":"0","x-frame-options":"SAMEORIGIN","x-content-type-options":"nosniff","alt-svc":"h3=\":443\"; ma=2592000,h3-29=\":443\"; ma=2592000","accept-ranges":"none","transfer-encoding":"chunked"}
[debug] [2023-05-17T14:50:52.399Z] >>> HTTP REQUEST POST https://cloudresourcemanager.googleapis.com/v1/projects  
 {"projectId":"PlacesApp-frontend","name":"PlacesApp"}
[debug] [2023-05-17T14:50:52.582Z] <<< HTTP RESPONSE 401 {"www-authenticate":"Bearer realm=\"https://accounts.google.com/\", error=\"invalid_token\"","vary":"X-Origin, Referer, Origin,Accept-Encoding","content-type":"application/json; charset=UTF-8","date":"Wed, 17 May 2023 14:50:51 GMT","server":"ESF","cache-control":"private","x-xss-protection":"0","x-frame-options":"SAMEORIGIN","x-content-type-options":"nosniff","server-timing":"gfet4t7; dur=110","alt-svc":"h3=\":443\"; ma=2592000,h3-29=\":443\"; ma=2592000","accept-ranges":"none","transfer-encoding":"chunked"}
[debug] [2023-05-17T14:50:52.582Z] <<< HTTP RESPONSE BODY {"error":{"code":401,"message":"Request had invalid authentication credentials. Expected OAuth 2 access token, login cookie or other valid authentication credential. See https://developers.google.com/identity/sign-in/web/devconsole-project.","status":"UNAUTHENTICATED","details":[{"@type":"type.googleapis.com/google.rpc.ErrorInfo","reason":"ACCESS_TOKEN_TYPE_UNSUPPORTED","metadata":{"method":"google.cloudresourcemanager.v1.Projects.CreateProject","service":"cloudresourcemanager.googleapis.com"}}]}}
[debug] [2023-05-17T14:50:52.594Z] FirebaseError: HTTP Error: 401, Request had invalid authentication credentials. Expected OAuth 2 access token, login cookie or other valid authentication credential. See https://developers.google.com/identity/sign-in/web/devconsole-project.
    at module.exports (C:\Users\jorda\AppData\Roaming\npm\node_modules\firebase-tools\lib\responseToError.js:47:12)
    at Request._callback (C:\Users\jorda\AppData\Roaming\npm\node_modules\firebase-tools\lib\api.js:41:35)
    at Request.self.callback (C:\Users\jorda\AppData\Roaming\npm\node_modules\firebase-tools\node_modules\request\request.js:185:22)
    at Request.emit (node:events:390:28)
    at Request.emit (node:domain:475:12)
    at Request.<anonymous> (C:\Users\jorda\AppData\Roaming\npm\node_modules\firebase-tools\node_modules\request\request.js:1154:10)
    at Request.emit (node:events:390:28)
    at Request.emit (node:domain:475:12)
    at IncomingMessage.<anonymous> (C:\Users\jorda\AppData\Roaming\npm\node_modules\firebase-tools\node_modules\request\request.js:1076:12)
    at Object.onceWrapper (node:events:509:28)
    at IncomingMessage.emit (node:events:402:35)
    at IncomingMessage.emit (node:domain:475:12)
    at endReadableNT (node:internal/streams/readable:1343:12)
    at processTicksAndRejections (node:internal/process/task_queues:83:21)
[error] 
[error] Error: Failed to create project. See firebase-debug.log for more info.
